%!Adobe-FontList 1.23
%Locale:0x809

%BeginFont
Handler:DirectoryHandler
FontType:TrueType
FontName:DINCondensed-Bold
FamilyName:DIN Condensed
StyleName:Bold
FullName:DIN Condensed Bold
MenuName:DIN Condensed
StyleBits:2
WritingScript:Roman
OutlineFileName:C:\Users\jackw\OneDrive - UWE Bristol\University\YEAR 1\Web Design\DigitalMediaWeb\CARP TASK\A3 poster redesign Folder\Document fonts\DIN Condensed Bold.ttf
DataFormat:sfntData
hasSVG:no
VariableFontType:NonVariableFont
FileLength:211644
FileModTime:1665494093
WeightClass:700
WidthClass:3
AngleClass:0
NameArray:0,Mac,18,DIN Condensed Bold
NameArray:0,Mac,4,DIN Condensed Bold
NameArray:0,Win,1,DIN Condensed
%EndFont

%BeginFont
Handler:DirectoryHandler
FontType:TrueType
FontName:TimesNewRomanPS-BoldMT
FamilyName:Times New Roman
StyleName:Bold
FullName:Times New Roman Bold
MenuName:Times New Roman
StyleBits:2
WritingScript:Roman
OutlineFileName:C:\Users\jackw\OneDrive - UWE Bristol\University\YEAR 1\Web Design\DigitalMediaWeb\CARP TASK\A3 poster redesign Folder\Document fonts\Times New Roman Bold.ttf
DataFormat:sfntData
hasSVG:no
VariableFontType:NonVariableFont
FileLength:842168
FileModTime:1665494093
WeightClass:700
WidthClass:5
AngleClass:0
NameArray:0,Mac,4,Times New Roman Bold
NameArray:0,Win,1,Times New Roman
%EndFont

